2015-06-28 10:10:48,211 [10] DEBUG  
mapping directory: C:\Temp\Pictures\iPod Photo Cache\F39
2015-06-28 10:10:48,236 [10] DEBUG  
mapping directory: C:\Temp\Pictures\iPod Photo Cache\F40
2015-06-28 10:10:48,238 [10] DEBUG  
mapping directory: C:\Temp\Pictures\iPod Photo Cache\F41
2015-06-28 10:10:48,240 [10] DEBUG  
mapping directory: C:\Temp\Pictures\iPod Photo Cache\F42
2015-06-28 10:10:48,243 [10] DEBUG  
mapping directory: C:\Temp\Pictures\iPod Photo Cache\F43
2015-06-28 10:10:48,245 [10] DEBUG  
mapping directory: C:\Temp\Pictures\iPod Photo Cache\F44
2015-06-28 10:10:48,247 [10] DEBUG  
mapping directory: C:\Temp\Pictures\iPod Photo Cache\F45
2015-06-28 10:10:48,249 [10] DEBUG  
mapping directory: C:\Temp\Pictures\iPod Photo Cache\F46
2015-06-28 10:10:48,251 [10] DEBUG  
mapping directory: C:\Temp\Pictures\iPod Photo Cache\F47
2015-06-28 10:10:48,253 [10] DEBUG  
mapping directory: C:\Temp\Pictures\iPod Photo Cache\F48
2015-06-28 10:10:48,255 [10] DEBUG  
mapping directory: C:\Temp\Pictures\iPod Photo Cache\F49
2015-06-28 10:10:48,258 [10] DEBUG  
mapping directory: C:\Temp\Pictures\iPod Photo Cache\F50
2015-06-28 10:11:06,337 [10] INFO   
Main's done'...

2015-06-28 10:11:06,338 [10] INFO   
********************************************************************************

